#
# A fatal error has been detected by the Java Runtime Environment:
#
#  EXCEPTION_ACCESS_VIOLATION (0xc0000005) at pc=0x000000006ba0227e, pid=2304, tid=0x0000000000002a64
#
# JRE version: Java(TM) SE Runtime Environment (8.0_261-b12) (build 1.8.0_261-b12)
# Java VM: Java HotSpot(TM) 64-Bit Server VM (25.261-b12 mixed mode windows-amd64 compressed oops)
# Problematic frame:
# V  [jvm.dll+0x14227e]
#
# Failed to write core dump. Minidumps are not enabled by default on client versions of Windows
#
# If you would like to submit a bug report, please visit:
#   http://bugreport.java.com/bugreport/crash.jsp
#

---------------  T H R E A D  ---------------

Current thread (0x000002d2ff8cf800):  JavaThread "*** Profiler Agent Communication Thread" daemon [_thread_in_vm, id=10852, stack(0x000000f3f1c00000,0x000000f3f1d00000)]

siginfo: ExceptionCode=0xc0000005, reading address 0xffffffff822540d8

Registers:
RAX=0x000000f3f1cfee01, RBX=0x000002d2ff8cf800, RCX=0xffffffff822540d8, RDX=0x000002d2ff8cf800
RSP=0x000000f3f1cfee20, RBP=0xffffffff822540d8, RSI=0x000002d2ed8bea20, RDI=0x000000f3f1cfef40
R8 =0x000000f3f1cfef40, R9 =0xffffffff822540d8, R10=0x0000000000000000, R11=0x0000000000000201
R12=0x000002d28422dd80, R13=0x00000000000001ad, R14=0x00007ffe63ce9c68, R15=0x00007ffe63ce9a60
RIP=0x000000006ba0227e, EFLAGS=0x0000000000010286

Top of Stack: (sp=0x000000f3f1cfee20)
0x000000f3f1cfee20:   000000f3f1cfef00 000000006ba2cae3
0x000000f3f1cfee30:   000002d2ff8cf800 000000f3f1cfefe8
0x000000f3f1cfee40:   000002d2ff8cf800 000000006bc0bd1d
0x000000f3f1cfee50:   0000000000004308 000002d2ff8cf800
0x000000f3f1cfee60:   000002d2ff8cf9f8 00007ffe6b9f9da0
0x000000f3f1cfee70:   000002d2ff8cf800 0000000000000000
0x000000f3f1cfee80:   000002d200000000 0000000000000000
0x000000f3f1cfee90:   ffffffff822540d8 00007ffe63ce34da
0x000000f3f1cfeea0:   0000000000000000 000002d2ff8cf9f8
0x000000f3f1cfeeb0:   000002d2fefa2348 0000000000000039
0x000000f3f1cfeec0:   000002d28422dd80 000002d2ff8bf5e0
0x000000f3f1cfeed0:   000002d2ff127850 000002d2ff8cf800
0x000000f3f1cfeee0:   000002d2ff127850 000002d2ff8cf800
0x000000f3f1cfeef0:   000002d2ef267dc0 000002d2fefa2348
0x000000f3f1cfef00:   000002d2ff8cf800 000002d2ff127850
0x000000f3f1cfef10:   0000000000000000 000002d2ef267dc0 

Instructions: (pc=0x000000006ba0227e)
0x000000006ba0225e:   cc cc 48 89 11 c3 cc cc cc cc cc cc cc cc cc cc
0x000000006ba0226e:   cc cc 40 53 48 83 ec 20 4c 8b c9 48 85 c9 74 50
0x000000006ba0227e:   48 8b 19 48 85 db 74 48 48 8b 43 08 48 8b 50 08
0x000000006ba0228e:   48 8b 42 18 48 85 c0 74 37 48 8b 80 90 00 00 00 


Register to memory mapping:

RAX=0x000000f3f1cfee01 is pointing into the stack for thread: 0x000002d2ff8cf800
RBX=0x000002d2ff8cf800 is a thread
RCX=0xffffffff822540d8 is an unknown value
RDX=0x000002d2ff8cf800 is a thread
RSP=0x000000f3f1cfee20 is pointing into the stack for thread: 0x000002d2ff8cf800
RBP=0xffffffff822540d8 is an unknown value
RSI=0x000002d2ed8bea20 is an unknown value
RDI=0x000000f3f1cfef40 is pointing into the stack for thread: 0x000002d2ff8cf800
R8 =0x000000f3f1cfef40 is pointing into the stack for thread: 0x000002d2ff8cf800
R9 =0xffffffff822540d8 is an unknown value
R10=0x0000000000000000 is an unknown value
R11=0x0000000000000201 is an unknown value
R12=0x000002d28422dd80 is an unknown value
R13=0x00000000000001ad is an unknown value
R14=0x00007ffe63ce9c68 is an unknown value
R15=0x00007ffe63ce9a60 is an unknown value


Stack: [0x000000f3f1c00000,0x000000f3f1d00000],  sp=0x000000f3f1cfee20,  free space=1019k
Native frames: (J=compiled Java code, j=interpreted, Vv=VM code, C=native code)
V  [jvm.dll+0x14227e]
V  [jvm.dll+0x34bd1d]
C  [profilerinterface.dll+0x34da]
C  0x000002d2ef27990e

Java frames: (J=compiled Java code, j=interpreted, Vv=VM code)
j  org.netbeans.lib.profiler.server.system.Stacks.getMethodNamesForJMethodIds(I[I[I)[B+0
j  org.netbeans.lib.profiler.server.ProfilerInterface.getMethodNamesForJMethodIds([I)Lorg/netbeans/lib/profiler/wireprotocol/MethodNamesResponse;+20
j  org.netbeans.lib.profiler.server.ProfilerServer.handleClientCommand(Lorg/netbeans/lib/profiler/wireprotocol/Command;)V+691
j  org.netbeans.lib.profiler.server.ProfilerServer.listenToClient()V+48
j  org.netbeans.lib.profiler.server.ProfilerServer.run()V+22
v  ~StubRoutines::call_stub

---------------  P R O C E S S  ---------------

Java Threads: ( => current thread )
  0x000002d2ed8c5800 JavaThread "DestroyJavaVM" [_thread_blocked, id=5364, stack(0x000000f3f1400000,0x000000f3f1500000)]
  0x000002d282542000 JavaThread "AWT-EventQueue-0" [_thread_blocked, id=6824, stack(0x000000f3f2700000,0x000000f3f2800000)]
  0x000002d2824fd800 JavaThread "AWT-Windows" daemon [_thread_in_native, id=10504, stack(0x000000f3f2600000,0x000000f3f2700000)]
  0x000002d2824f8800 JavaThread "AWT-Shutdown" [_thread_blocked, id=9024, stack(0x000000f3f2500000,0x000000f3f2600000)]
  0x000002d282f53800 JavaThread "Java2D Disposer" daemon [_thread_blocked, id=10300, stack(0x000000f3f2400000,0x000000f3f2500000)]
  0x000002d282414000 JavaThread "Service Thread" daemon [_thread_blocked, id=3808, stack(0x000000f3f2200000,0x000000f3f2300000)]
  0x000002d2823ed000 JavaThread "C1 CompilerThread1" daemon [_thread_blocked, id=6620, stack(0x000000f3f2100000,0x000000f3f2200000)]
  0x000002d2822b6000 JavaThread "C2 CompilerThread0" daemon [_thread_blocked, id=10656, stack(0x000000f3f1f00000,0x000000f3f2000000)]
  0x000002d2822a8800 JavaThread "*** Profiler Agent Special Execution Thread 10" daemon [_thread_blocked, id=9856, stack(0x000000f3f2000000,0x000000f3f2100000)]
  0x000002d2ff982800 JavaThread "*** Profiler Agent Special Execution Thread 6" daemon [_thread_blocked, id=1116, stack(0x000000f3f1e00000,0x000000f3f1f00000)]
  0x000002d2ff97d800 JavaThread "*** JFluid Monitor thread ***" daemon [_thread_blocked, id=8776, stack(0x000000f3f1d00000,0x000000f3f1e00000)]
=>0x000002d2ff8cf800 JavaThread "*** Profiler Agent Communication Thread" daemon [_thread_in_vm, id=10852, stack(0x000000f3f1c00000,0x000000f3f1d00000)]
  0x000002d2ff857000 JavaThread "Attach Listener" daemon [_thread_blocked, id=6212, stack(0x000000f3f1b00000,0x000000f3f1c00000)]
  0x000002d2ff856000 JavaThread "Signal Dispatcher" daemon [_thread_blocked, id=2864, stack(0x000000f3f1a00000,0x000000f3f1b00000)]
  0x000002d2eda86800 JavaThread "Finalizer" daemon [_thread_blocked, id=2888, stack(0x000000f3f1900000,0x000000f3f1a00000)]
  0x000002d2ff834800 JavaThread "Reference Handler" daemon [_thread_blocked, id=10468, stack(0x000000f3f1800000,0x000000f3f1900000)]

Other Threads:
  0x000002d2ff813000 VMThread [stack: 0x000000f3f1700000,0x000000f3f1800000] [id=10460]
  0x000002d2823a6000 WatcherThread [stack: 0x000000f3f2300000,0x000000f3f2400000] [id=2312]

VM state:synchronizing (normal execution)

VM Mutex/Monitor currently owned by a thread:  ([mutex/lock_event])
[0x000002d2ed8c2f80] Threads_lock - owner thread: 0x000002d2ff813000

heap address: 0x00000000c1c00000, size: 996 MB, Compressed Oops mode: 32-bit
Narrow klass base: 0x0000000000000000, Narrow klass shift: 3
Compressed class space size: 1073741824 Address: 0x0000000100000000

Heap:
 PSYoungGen      total 18944K, used 10359K [0x00000000eb400000, 0x00000000ec900000, 0x0000000100000000)
  eden space 16384K, 63% used [0x00000000eb400000,0x00000000ebe1dc30,0x00000000ec400000)
  from space 2560K, 0% used [0x00000000ec680000,0x00000000ec680000,0x00000000ec900000)
  to   space 2560K, 0% used [0x00000000ec400000,0x00000000ec400000,0x00000000ec680000)
 ParOldGen       total 44032K, used 0K [0x00000000c1c00000, 0x00000000c4700000, 0x00000000eb400000)
  object space 44032K, 0% used [0x00000000c1c00000,0x00000000c1c00000,0x00000000c4700000)
 Metaspace       used 13141K, capacity 13272K, committed 13568K, reserved 1060864K
  class space    used 1657K, capacity 1738K, committed 1792K, reserved 1048576K

Card table byte_map: [0x000002d2fe620000,0x000002d2fe820000] byte_map_base: 0x000002d2fe012000

Marking Bits: (ParMarkBitMap*) 0x000000006c0b4fb0
 Begin Bits: [0x000002d280000000, 0x000002d280f90000)
 End Bits:   [0x000002d280f90000, 0x000002d281f20000)

Polling page: 0x000002d2ed820000

CodeCache: size=245760Kb used=1851Kb max_used=1851Kb free=243908Kb
 bounds [0x000002d2ef260000, 0x000002d2ef4d0000, 0x000002d2fe260000]
 total_blobs=844 nmethods=373 adapters=385
 compilation: enabled

Compilation events (10 events):
Event: 4.396 Thread 0x000002d2823ed000  365       3       javax.swing.UIManager::getLookAndFeel (10 bytes)
Event: 4.396 Thread 0x000002d2823ed000 nmethod 365 0x000002d2ef42b6d0 code [0x000002d2ef42b840, 0x000002d2ef42b9e0]
Event: 4.396 Thread 0x000002d2823ed000  366       3       java.awt.Color::<init> (33 bytes)
Event: 4.397 Thread 0x000002d2823ed000 nmethod 366 0x000002d2ef42b2d0 code [0x000002d2ef42b420, 0x000002d2ef42b638]
Event: 4.399 Thread 0x000002d2823ed000  367       3       java.awt.AWTKeyStroke::hashCode (36 bytes)
Event: 4.399 Thread 0x000002d2823ed000 nmethod 367 0x000002d2ef42af10 code [0x000002d2ef42b060, 0x000002d2ef42b238]
Event: 4.400 Thread 0x000002d2823ed000  368       3       javax.swing.ArrayTable::isArray (8 bytes)
Event: 4.400 Thread 0x000002d2823ed000 nmethod 368 0x000002d2ef42e050 code [0x000002d2ef42e1a0, 0x000002d2ef42e3f8]
Event: 4.400 Thread 0x000002d2823ed000  369       3       java.util.StringTokenizer::skipDelimiters (116 bytes)
Event: 4.403 Thread 0x000002d2823ed000 nmethod 369 0x000002d2ef42cdd0 code [0x000002d2ef42cfe0, 0x000002d2ef42dba0]

GC Heap History (0 events):
No events

Deoptimization events (1 events):
Event: 4.278 Thread 0x000002d282542000 Uncommon trap: reason=unstable_if action=reinterpret pc=0x000002d2ef403188 method=java.lang.AbstractStringBuilder.append(Ljava/lang/String;)Ljava/lang/AbstractStringBuilder; @ 1

Classes redefined (0 events):
No events

Internal exceptions (10 events):
Event: 4.110 Thread 0x000002d2ed8c5800 Exception <a 'java/lang/ClassNotFoundException': ToggleButton> (0x00000000ebc60bf0) thrown at [C:\jenkins\workspace\8-2-build-windows-amd64-cygwin\jdk8u261\295\hotspot\src\share\vm\classfile\systemDictionary.cpp, line 210]
Event: 4.110 Thread 0x000002d2ed8c5800 Exception <a 'java/lang/ClassNotFoundException': javax/swing/JToolBarSeparator> (0x00000000ebc61050) thrown at [C:\jenkins\workspace\8-2-build-windows-amd64-cygwin\jdk8u261\295\hotspot\src\share\vm\classfile\systemDictionary.cpp, line 210]
Event: 4.110 Thread 0x000002d2ed8c5800 Exception <a 'java/lang/ClassNotFoundException': ToolBarSeparator> (0x00000000ebc614e8) thrown at [C:\jenkins\workspace\8-2-build-windows-amd64-cygwin\jdk8u261\295\hotspot\src\share\vm\classfile\systemDictionary.cpp, line 210]
Event: 4.111 Thread 0x000002d2ed8c5800 Exception <a 'java/lang/ClassNotFoundException': ToolTip> (0x00000000ebc61c28) thrown at [C:\jenkins\workspace\8-2-build-windows-amd64-cygwin\jdk8u261\295\hotspot\src\share\vm\classfile\systemDictionary.cpp, line 210]
Event: 4.114 Thread 0x000002d2ed8c5800 Exception <a 'java/lang/ClassNotFoundException': Tree> (0x00000000ebc62848) thrown at [C:\jenkins\workspace\8-2-build-windows-amd64-cygwin\jdk8u261\295\hotspot\src\share\vm\classfile\systemDictionary.cpp, line 210]
Event: 4.115 Thread 0x000002d2ed8c5800 Exception <a 'java/lang/ClassNotFoundException': Tree> (0x00000000ebc62f88) thrown at [C:\jenkins\workspace\8-2-build-windows-amd64-cygwin\jdk8u261\295\hotspot\src\share\vm\classfile\systemDictionary.cpp, line 210]
Event: 4.115 Thread 0x000002d2ed8c5800 Exception <a 'java/lang/ClassNotFoundException': javax/swing/JTreeCell> (0x00000000ebc63308) thrown at [C:\jenkins\workspace\8-2-build-windows-amd64-cygwin\jdk8u261\295\hotspot\src\share\vm\classfile\systemDictionary.cpp, line 210]
Event: 4.115 Thread 0x000002d2ed8c5800 Exception <a 'java/lang/ClassNotFoundException': TreeCell> (0x00000000ebc63790) thrown at [C:\jenkins\workspace\8-2-build-windows-amd64-cygwin\jdk8u261\295\hotspot\src\share\vm\classfile\systemDictionary.cpp, line 210]
Event: 4.117 Thread 0x000002d2ed8c5800 Exception <a 'java/lang/ClassNotFoundException': RootPane> (0x00000000ebc641f0) thrown at [C:\jenkins\workspace\8-2-build-windows-amd64-cygwin\jdk8u261\295\hotspot\src\share\vm\classfile\systemDictionary.cpp, line 210]
Event: 4.278 Thread 0x000002d282542000 Implicit null exception at 0x000002d2ef402dd6 to 0x000002d2ef403171

Events (10 events):
Event: 4.390 loading class javax/swing/BoundedRangeModel done
Event: 4.390 loading class javax/swing/DefaultBoundedRangeModel done
Event: 4.390 loading class javax/swing/JTextField$ScrollRepainter
Event: 4.390 loading class javax/swing/JTextField$ScrollRepainter done
Event: 4.392 loading class javax/swing/plaf/nimbus/TextFieldPainter
Event: 4.393 loading class javax/swing/plaf/nimbus/TextFieldPainter done
Event: 4.395 loading class org/netbeans/lib/profiler/wireprotocol/DumpResultsResponse
Event: 4.395 loading class org/netbeans/lib/profiler/wireprotocol/DumpResultsResponse done
Event: 4.404 loading class org/netbeans/lib/profiler/wireprotocol/GetMethodNamesForJMethodIdsCommand
Event: 4.404 loading class org/netbeans/lib/profiler/wireprotocol/GetMethodNamesForJMethodIdsCommand done


Dynamic libraries:
0x00007ff63cf00000 - 0x00007ff63cf47000 	C:\Program Files\Java\jdk1.8.0_261\bin\java.exe
0x00007ffe6cea0000 - 0x00007ffe6d090000 	C:\WINDOWS\SYSTEM32\ntdll.dll
0x00007ffe57020000 - 0x00007ffe57032000 	C:\Program Files\AVG\Antivirus\aswhook.dll
0x00007ffe6cda0000 - 0x00007ffe6ce52000 	C:\WINDOWS\System32\KERNEL32.DLL
0x00007ffe6a250000 - 0x00007ffe6a4f5000 	C:\WINDOWS\System32\KERNELBASE.dll
0x00007ffe6c9e0000 - 0x00007ffe6ca83000 	C:\WINDOWS\System32\ADVAPI32.dll
0x00007ffe6b9e0000 - 0x00007ffe6ba7e000 	C:\WINDOWS\System32\msvcrt.dll
0x00007ffe6b200000 - 0x00007ffe6b297000 	C:\WINDOWS\System32\sechost.dll
0x00007ffe6b320000 - 0x00007ffe6b440000 	C:\WINDOWS\System32\RPCRT4.dll
0x00007ffe6c170000 - 0x00007ffe6c304000 	C:\WINDOWS\System32\USER32.dll
0x00007ffe6a140000 - 0x00007ffe6a161000 	C:\WINDOWS\System32\win32u.dll
0x00007ffe6ca90000 - 0x00007ffe6cab6000 	C:\WINDOWS\System32\GDI32.dll
0x00007ffe6a500000 - 0x00007ffe6a696000 	C:\WINDOWS\System32\gdi32full.dll
0x00007ffe6a6a0000 - 0x00007ffe6a73e000 	C:\WINDOWS\System32\msvcp_win.dll
0x00007ffe69e10000 - 0x00007ffe69f0a000 	C:\WINDOWS\System32\ucrtbase.dll
0x00007ffe59fd0000 - 0x00007ffe5a254000 	C:\WINDOWS\WinSxS\amd64_microsoft.windows.common-controls_6595b64144ccf1df_6.0.18362.1256_none_9e7e379be45e40e2\COMCTL32.dll
0x00007ffe6b450000 - 0x00007ffe6b786000 	C:\WINDOWS\System32\combase.dll
0x00007ffe69f10000 - 0x00007ffe69f91000 	C:\WINDOWS\System32\bcryptPrimitives.dll
0x00007ffe6cb40000 - 0x00007ffe6cb6e000 	C:\WINDOWS\System32\IMM32.DLL
0x00007ffe61440000 - 0x00007ffe61455000 	C:\Program Files\Java\jdk1.8.0_261\jre\bin\vcruntime140.dll
0x00007ffe2c810000 - 0x00007ffe2c8ab000 	C:\Program Files\Java\jdk1.8.0_261\jre\bin\msvcp140.dll
0x000000006b8c0000 - 0x000000006c12c000 	C:\Program Files\Java\jdk1.8.0_261\jre\bin\server\jvm.dll
0x00007ffe6c960000 - 0x00007ffe6c968000 	C:\WINDOWS\System32\PSAPI.DLL
0x00007ffe68820000 - 0x00007ffe68829000 	C:\WINDOWS\SYSTEM32\WSOCK32.dll
0x00007ffe6c310000 - 0x00007ffe6c37f000 	C:\WINDOWS\System32\WS2_32.dll
0x00007ffe673b0000 - 0x00007ffe673d4000 	C:\WINDOWS\SYSTEM32\WINMM.dll
0x00007ffe5cf20000 - 0x00007ffe5cf2a000 	C:\WINDOWS\SYSTEM32\VERSION.dll
0x00007ffe67380000 - 0x00007ffe673ad000 	C:\WINDOWS\SYSTEM32\WINMMBASE.dll
0x00007ffe69fa0000 - 0x00007ffe69fea000 	C:\WINDOWS\System32\cfgmgr32.dll
0x00007ffe69df0000 - 0x00007ffe69e01000 	C:\WINDOWS\System32\kernel.appcore.dll
0x00007ffe634e0000 - 0x00007ffe634f0000 	C:\Program Files\Java\jdk1.8.0_261\jre\bin\verify.dll
0x00007ffe60f30000 - 0x00007ffe60f5b000 	C:\Program Files\Java\jdk1.8.0_261\jre\bin\java.dll
0x00007ffe63ce0000 - 0x00007ffe63cef000 	C:\Program Files\NetBeans 8.2\profiler\lib\deployed\jdk16\windows-amd64\profilerinterface.dll
0x00007ffe59d70000 - 0x00007ffe59d88000 	C:\Program Files\Java\jdk1.8.0_261\jre\bin\zip.dll
0x00007ffe6ba80000 - 0x00007ffe6c167000 	C:\WINDOWS\System32\SHELL32.dll
0x00007ffe6b790000 - 0x00007ffe6b839000 	C:\WINDOWS\System32\shcore.dll
0x00007ffe6a760000 - 0x00007ffe6aee1000 	C:\WINDOWS\System32\windows.storage.dll
0x00007ffe69dc0000 - 0x00007ffe69de3000 	C:\WINDOWS\System32\profapi.dll
0x00007ffe69d70000 - 0x00007ffe69dba000 	C:\WINDOWS\System32\powrprof.dll
0x00007ffe69d40000 - 0x00007ffe69d50000 	C:\WINDOWS\System32\UMPDC.dll
0x00007ffe6b020000 - 0x00007ffe6b072000 	C:\WINDOWS\System32\shlwapi.dll
0x00007ffe6a740000 - 0x00007ffe6a757000 	C:\WINDOWS\System32\cryptsp.dll
0x00007ffe598f0000 - 0x00007ffe5990c000 	C:\Program Files\Java\jdk1.8.0_261\jre\bin\net.dll
0x00007ffe69530000 - 0x00007ffe69597000 	C:\WINDOWS\system32\mswsock.dll
0x00007ffe65990000 - 0x00007ffe6599d000 	C:\Program Files\Java\jdk1.8.0_261\jre\bin\management.dll
0x00007ffe59610000 - 0x00007ffe59623000 	C:\Program Files\Java\jdk1.8.0_261\jre\bin\nio.dll
0x00007ffe690a0000 - 0x00007ffe690d3000 	C:\WINDOWS\system32\rsaenh.dll
0x00007ffe6a220000 - 0x00007ffe6a246000 	C:\WINDOWS\System32\bcrypt.dll
0x00007ffe69c20000 - 0x00007ffe69c45000 	C:\WINDOWS\SYSTEM32\USERENV.dll
0x00007ffe69700000 - 0x00007ffe6970c000 	C:\WINDOWS\SYSTEM32\CRYPTBASE.dll
0x00007ffe69240000 - 0x00007ffe6927a000 	C:\WINDOWS\SYSTEM32\IPHLPAPI.DLL
0x00007ffe6b440000 - 0x00007ffe6b448000 	C:\WINDOWS\System32\NSI.dll
0x00007ffe5d580000 - 0x00007ffe5d596000 	C:\WINDOWS\SYSTEM32\dhcpcsvc6.DLL
0x00007ffe5d560000 - 0x00007ffe5d57c000 	C:\WINDOWS\SYSTEM32\dhcpcsvc.DLL
0x00007ffe69280000 - 0x00007ffe6934b000 	C:\WINDOWS\SYSTEM32\DNSAPI.dll
0x00007ffe2ab00000 - 0x00007ffe2ac94000 	C:\Program Files\Java\jdk1.8.0_261\jre\bin\awt.dll
0x00007ffe6b130000 - 0x00007ffe6b1f5000 	C:\WINDOWS\System32\OLEAUT32.dll
0x00007ffe675f0000 - 0x00007ffe6767f000 	C:\WINDOWS\SYSTEM32\apphelp.dll
0x00007ffe67a20000 - 0x00007ffe67ab9000 	C:\WINDOWS\system32\uxtheme.dll
0x00007ffe6b840000 - 0x00007ffe6b975000 	C:\WINDOWS\System32\MSCTF.dll
0x00007ffe6c380000 - 0x00007ffe6c4d7000 	C:\WINDOWS\System32\ole32.dll
0x00007ffe67fc0000 - 0x00007ffe67fed000 	C:\WINDOWS\system32\DWMAPI.DLL
0x00007ffe2c7c0000 - 0x00007ffe2c809000 	C:\Program Files\Java\jdk1.8.0_261\jre\bin\fontmanager.dll
0x00007ffe61920000 - 0x00007ffe61a76000 	C:\WINDOWS\system32\opengl32.dll
0x00007ffe671f0000 - 0x00007ffe6721c000 	C:\WINDOWS\SYSTEM32\GLU32.dll
0x00007ffe68980000 - 0x00007ffe689a0000 	C:\WINDOWS\SYSTEM32\dxcore.dll
0x00007ffe68600000 - 0x00007ffe687f4000 	C:\WINDOWS\SYSTEM32\dbghelp.dll

VM Arguments:
jvm_args: -Dfile.encoding=UTF-8 -agentpath:C:/Program Files/NetBeans 8.2/profiler/lib/deployed/jdk16/windows-amd64/profilerinterface.dll=C:\Program Files\NetBeans 8.2\profiler\lib,5140,10 -XX:+HeapDumpOnOutOfMemoryError -XX:HeapDumpPath=C:\Users\madala\Documents\NetBeansProjects\CovidManagementApp\nbproject\private\profiler 
java_command: gui.LoginScreen
java_class_path (initial): C:\Users\madala\Documents\NetBeansProjects\Deodorant\mysql-connector-java-5.1.42-bin.jar;C:\Users\madala\Documents\NetBeansProjects\CovidManagementApp\build\classes
Launcher Type: SUN_STANDARD

Environment Variables:
PATH=C:\Program Files (x86)\Common Files\Oracle\Java\javapath;C:\ProgramData\Oracle\Java\javapath;C:\Program Files (x86)\NVIDIA Corporation\PhysX\Common;C:\Program Files (x86)\Intel\TXE Components\TCS\;C:\Program Files\Intel\TXE Components\TCS\;C:\WINDOWS\system32;C:\WINDOWS;C:\WINDOWS\System32\Wbem;C:\WINDOWS\System32\WindowsPowerShell\v1.0\;C:\Program Files (x86)\OpenVPN\bin;C:\Program Files\Microsoft SQL Server\110\Tools\Binn\;C:\Program Files\Microsoft\Web Platform Installer\;C:\Program Files (x86)\Microsoft ASP.NET\ASP.NET Web Pages\v1.0\;C:\WINDOWS\System32\OpenSSH\;C:\Users\madala\Documents\Sonar\jdk-11.0.6\bin;C:\Program Files (x86)\Microsoft SQL Server\110\Tools\Binn\;C:\Program Files\Microsoft SQL Server\110\DTS\Binn\;C:\Program Files (x86)\Microsoft SQL Server\100\Tools\Binn\VSShell\Common7\IDE\;C:\Program Files (x86)\Microsoft SQL Server\100\Tools\Binn\;C:\Program Files\Microsoft SQL Server\100\Tools\Binn\;C:\Program Files (x86)\Microsoft SQL Server\100\DTS\Binn\;C:\Program Files\dotnet\;C:\Program Files\Microsoft SQL Server\130\Tools\Binn\;C:\Program Files\Microsoft SQL Server\Client SDK\ODBC\170\Tools\Binn\;C:\Users\madala\AppData\Local\Programs\Python\Python38-32\Scripts\;C:\Users\madala\AppData\Local\Programs\Python\Python38-32\;C:\Users\madala\AppData\Local\Microsoft\WindowsApps;;C:\Users\madala\AppData\Local\Programs\Microsoft VS Code\bin;C:\Program Files\IBM\Cloud\bin
USERNAME=madala
OS=Windows_NT
PROCESSOR_IDENTIFIER=Intel64 Family 6 Model 55 Stepping 8, GenuineIntel



---------------  S Y S T E M  ---------------

OS: Windows 10.0 , 64 bit Build 18362 (10.0.18362.1110)

CPU:total 2 (initial active 2) (2 cores per cpu, 1 threads per core) family 6 model 55 stepping 8, cmov, cx8, fxsr, mmx, sse, sse2, sse3, ssse3, sse4.1, sse4.2, popcnt, clmul, erms, 3dnowpref, tsc, tscinvbit

Memory: 4k page, physical 4072656k(824312k free), swap 9587104k(5673680k free)

vm_info: Java HotSpot(TM) 64-Bit Server VM (25.261-b12) for windows-amd64 JRE (1.8.0_261-b12), built on Jun 18 2020 06:56:32 by "" with unknown MS VC++:1916

time: Wed Mar 10 15:53:38 2021
timezone: South Africa Standard Time
elapsed time: 4 seconds (0d 0h 0m 4s)

